<?xml version="1.0" encoding="UTF-8"?>
<!-- Generated by org.testng.reporters.JUnitXMLReporter -->
<testsuite ignored="1" hostname="Moses" failures="0" tests="2" name="Test" time="0.245" errors="0" timestamp="2024-03-06T10:14:20 IST">
  <testcase classname="TestNG_Script.GroupTestng2" name="test2" time="0.032"/>
  <testcase classname="TestNG_Script.GroupTestng2" name="test3" time="0.008"/>
  <testcase classname="TestNG_Script.GroupTestng1" name="test1" time="0.0">
    <ignored/>
  </testcase> <!-- test1 -->
</testsuite> <!-- Test -->
